This file contains any messages produced by compilers while
running configure, to aid debugging if configure makes a mistake.

It was created by configure, which was
generated by GNU Autoconf 2.63.  Invocation command line was

  $ ./configure 

## --------- ##
## Platform. ##
## --------- ##

hostname = localhost.localdomain
uname -m = i686
uname -r = 2.6.27.12-170.2.5.fc10.i686
uname -s = Linux
uname -v = #1 SMP Wed Jan 21 02:09:37 EST 2009

/usr/bin/uname -p = unknown
/bin/uname -X     = unknown

/bin/arch              = i686
/usr/bin/arch -k       = unknown
/usr/convex/getsysinfo = unknown
/usr/bin/hostinfo      = unknown
/bin/machine           = unknown
/usr/bin/oslevel       = unknown
/bin/universe          = unknown

PATH: /home/chris/bin
PATH: /home/chris/bin
PATH: /usr/lib/qt-3.3/bin
PATH: /usr/kerberos/bin
PATH: /usr/lib/ccache
PATH: /usr/local/bin
PATH: /bin
PATH: /usr/bin
PATH: /usr/local/sbin
PATH: /usr/sbin
PATH: /sbin
PATH: /home/chris/bin


## ----------- ##
## Core tests. ##
## ----------- ##

configure:1861: checking build system type
configure:1879: result: i686-pc-linux-gnu
configure:1901: checking host system type
configure:1916: result: i686-pc-linux-gnu
configure:1938: checking target system type
configure:1953: result: i686-pc-linux-gnu
configure:1998: checking for a BSD-compatible install
configure:2066: result: /usr/bin/install -c
configure:2077: checking whether build environment is sane
configure:2120: result: yes
configure:2145: checking for a thread-safe mkdir -p
configure:2184: result: /bin/mkdir -p
configure:2197: checking for gawk
configure:2213: found /bin/gawk
configure:2224: result: gawk
configure:2235: checking whether make sets $(MAKE)
configure:2257: result: yes
configure:2456: checking for style of include used by make
configure:2484: result: GNU
configure:2554: checking for gcc
configure:2570: found /usr/lib/ccache/gcc
configure:2581: result: gcc
configure:2813: checking for C compiler version
configure:2821: gcc --version >&5
gcc (GCC) 4.3.2 20081105 (Red Hat 4.3.2-7)
Copyright (C) 2008 Free Software Foundation, Inc.
This is free software; see the source for copying conditions.  There is NO
warranty; not even for MERCHANTABILITY or FITNESS FOR A PARTICULAR PURPOSE.

configure:2825: $? = 0
configure:2832: gcc -v >&5
Using built-in specs.
Target: i386-redhat-linux
Configured with: ../configure --prefix=/usr --mandir=/usr/share/man --infodir=/usr/share/info --with-bugurl=http://bugzilla.redhat.com/bugzilla --enable-bootstrap --enable-shared --enable-threads=posix --enable-checking=release --with-system-zlib --enable-__cxa_atexit --disable-libunwind-exceptions --enable-languages=c,c++,objc,obj-c++,java,fortran,ada --enable-java-awt=gtk --disable-dssi --enable-plugin --with-java-home=/usr/lib/jvm/java-1.5.0-gcj-1.5.0.0/jre --enable-libgcj-multifile --enable-java-maintainer-mode --with-ecj-jar=/usr/share/java/eclipse-ecj.jar --disable-libjava-multilib --with-cpu=generic --build=i386-redhat-linux
Thread model: posix
gcc version 4.3.2 20081105 (Red Hat 4.3.2-7) (GCC) 
configure:2836: $? = 0
configure:2843: gcc -V >&5
gcc: '-V' option must have argument
configure:2847: $? = 1
configure:2870: checking for C compiler default output file name
configure:2892: gcc    conftest.c  >&5
configure:2896: $? = 0
configure:2934: result: a.out
configure:2953: checking whether the C compiler works
configure:2963: ./a.out
configure:2967: $? = 0
configure:2986: result: yes
configure:2993: checking whether we are cross compiling
configure:2995: result: no
configure:2998: checking for suffix of executables
configure:3005: gcc -o conftest    conftest.c  >&5
configure:3009: $? = 0
configure:3035: result: 
configure:3041: checking for suffix of object files
configure:3067: gcc -c   conftest.c >&5
configure:3071: $? = 0
configure:3096: result: o
configure:3100: checking whether we are using the GNU C compiler
configure:3129: gcc -c   conftest.c >&5
configure:3136: $? = 0
configure:3153: result: yes
configure:3162: checking whether gcc accepts -g
configure:3192: gcc -c -g  conftest.c >&5
configure:3199: $? = 0
configure:3300: result: yes
configure:3317: checking for gcc option to accept ISO C89
configure:3391: gcc  -c -g -O2  conftest.c >&5
configure:3398: $? = 0
configure:3421: result: none needed
configure:3441: checking dependency style of gcc
configure:3532: result: gcc3
configure:3552: checking how to run the C preprocessor
configure:3592: gcc -E  conftest.c
configure:3599: $? = 0
configure:3630: gcc -E  conftest.c
conftest.c:10:28: error: ac_nonexistent.h: No such file or directory
configure:3637: $? = 1
configure: failed program was:
| /* confdefs.h.  */
| #define PACKAGE_NAME ""
| #define PACKAGE_TARNAME ""
| #define PACKAGE_VERSION ""
| #define PACKAGE_STRING ""
| #define PACKAGE_BUGREPORT ""
| #define PACKAGE ""
| #define VERSION ""
| /* end confdefs.h.  */
| #include <ac_nonexistent.h>
configure:3670: result: gcc -E
configure:3699: gcc -E  conftest.c
configure:3706: $? = 0
configure:3737: gcc -E  conftest.c
conftest.c:10:28: error: ac_nonexistent.h: No such file or directory
configure:3744: $? = 1
configure: failed program was:
| /* confdefs.h.  */
| #define PACKAGE_NAME ""
| #define PACKAGE_TARNAME ""
| #define PACKAGE_VERSION ""
| #define PACKAGE_STRING ""
| #define PACKAGE_BUGREPORT ""
| #define PACKAGE ""
| #define VERSION ""
| /* end confdefs.h.  */
| #include <ac_nonexistent.h>
configure:3841: checking for g++
configure:3857: found /usr/lib/ccache/g++
configure:3868: result: g++
configure:3895: checking for C++ compiler version
configure:3903: g++ --version >&5
g++ (GCC) 4.3.2 20081105 (Red Hat 4.3.2-7)
Copyright (C) 2008 Free Software Foundation, Inc.
This is free software; see the source for copying conditions.  There is NO
warranty; not even for MERCHANTABILITY or FITNESS FOR A PARTICULAR PURPOSE.

configure:3907: $? = 0
configure:3914: g++ -v >&5
Using built-in specs.
Target: i386-redhat-linux
Configured with: ../configure --prefix=/usr --mandir=/usr/share/man --infodir=/usr/share/info --with-bugurl=http://bugzilla.redhat.com/bugzilla --enable-bootstrap --enable-shared --enable-threads=posix --enable-checking=release --with-system-zlib --enable-__cxa_atexit --disable-libunwind-exceptions --enable-languages=c,c++,objc,obj-c++,java,fortran,ada --enable-java-awt=gtk --disable-dssi --enable-plugin --with-java-home=/usr/lib/jvm/java-1.5.0-gcj-1.5.0.0/jre --enable-libgcj-multifile --enable-java-maintainer-mode --with-ecj-jar=/usr/share/java/eclipse-ecj.jar --disable-libjava-multilib --with-cpu=generic --build=i386-redhat-linux
Thread model: posix
gcc version 4.3.2 20081105 (Red Hat 4.3.2-7) (GCC) 
configure:3918: $? = 0
configure:3925: g++ -V >&5
g++: '-V' option must have argument
configure:3929: $? = 1
configure:3932: checking whether we are using the GNU C++ compiler
configure:3961: g++ -c   conftest.cpp >&5
configure:3968: $? = 0
configure:3985: result: yes
configure:3994: checking whether g++ accepts -g
configure:4024: g++ -c -g  conftest.cpp >&5
configure:4031: $? = 0
configure:4132: result: yes
configure:4157: checking dependency style of g++
configure:4248: result: gcc3
configure:4311: checking for gcc
configure:4338: result: gcc
configure:4570: checking for C compiler version
configure:4578: gcc --version >&5
gcc (GCC) 4.3.2 20081105 (Red Hat 4.3.2-7)
Copyright (C) 2008 Free Software Foundation, Inc.
This is free software; see the source for copying conditions.  There is NO
warranty; not even for MERCHANTABILITY or FITNESS FOR A PARTICULAR PURPOSE.

configure:4582: $? = 0
configure:4589: gcc -v >&5
Using built-in specs.
Target: i386-redhat-linux
Configured with: ../configure --prefix=/usr --mandir=/usr/share/man --infodir=/usr/share/info --with-bugurl=http://bugzilla.redhat.com/bugzilla --enable-bootstrap --enable-shared --enable-threads=posix --enable-checking=release --with-system-zlib --enable-__cxa_atexit --disable-libunwind-exceptions --enable-languages=c,c++,objc,obj-c++,java,fortran,ada --enable-java-awt=gtk --disable-dssi --enable-plugin --with-java-home=/usr/lib/jvm/java-1.5.0-gcj-1.5.0.0/jre --enable-libgcj-multifile --enable-java-maintainer-mode --with-ecj-jar=/usr/share/java/eclipse-ecj.jar --disable-libjava-multilib --with-cpu=generic --build=i386-redhat-linux
Thread model: posix
gcc version 4.3.2 20081105 (Red Hat 4.3.2-7) (GCC) 
configure:4593: $? = 0
configure:4600: gcc -V >&5
gcc: '-V' option must have argument
configure:4604: $? = 1
configure:4607: checking whether we are using the GNU C compiler
configure:4660: result: yes
configure:4669: checking whether gcc accepts -g
configure:4807: result: yes
configure:4824: checking for gcc option to accept ISO C89
configure:4928: result: none needed
configure:4948: checking dependency style of gcc
configure:5039: result: gcc3
configure:5097: checking for ranlib
configure:5113: found /usr/bin/ranlib
configure:5124: result: ranlib
configure:5188: checking for xml2-config
configure:5206: found /usr/bin/xml2-config
configure:5219: result: /usr/bin/xml2-config
configure:5228: checking for libxml - version >= 2.4.0
configure:5340: gcc -o conftest -g -O2  -I/usr/include/libxml2  conftest.c -lxml2 -lz -lm  >&5
configure:5344: $? = 0
configure:5350: ./conftest
configure:5354: $? = 0
configure:5376: result: yes (version 2.7.2)
configure:5519: checking for sdl-config
configure:5537: found /usr/bin/sdl-config
configure:5550: result: /usr/bin/sdl-config
configure:5559: checking for SDL - version >= 1.2.10
configure:5656: gcc -o conftest -g -O2 -I/usr/include/libxml2 -I/usr/include/SDL -D_GNU_SOURCE=1 -D_REENTRANT   conftest.c  -lxml2 -lz -lm -lSDL -lpthread >&5
configure:5660: $? = 0
configure:5666: ./conftest
configure:5670: $? = 0
configure:5692: result: yes
configure:5804: checking for main in -lSDL_image
configure:5833: gcc -o conftest -g -O2 -I/usr/include/libxml2 -I/usr/include/SDL -D_GNU_SOURCE=1 -D_REENTRANT -DCOMP_GCC   conftest.c -lSDL_image   -lxml2 -lz -lm -lSDL -lpthread >&5
configure:5840: $? = 0
configure:5861: result: yes
configure:5887: checking for main in -lSDL_mixer
configure:5916: gcc -o conftest -g -O2 -I/usr/include/libxml2 -I/usr/include/SDL -D_GNU_SOURCE=1 -D_REENTRANT -DCOMP_GCC   conftest.c -lSDL_mixer  -lSDL_image  -lxml2 -lz -lm -lSDL -lpthread -lSDL_image >&5
configure:5923: $? = 0
configure:5944: result: yes
configure:6123: creating ./config.status

## ---------------------- ##
## Running config.status. ##
## ---------------------- ##

This file was extended by config.status, which was
generated by GNU Autoconf 2.63.  Invocation command line was

  CONFIG_FILES    = 
  CONFIG_HEADERS  = 
  CONFIG_LINKS    = 
  CONFIG_COMMANDS = 
  $ ./config.status 

on localhost.localdomain

config.status:784: creating Makefile
config.status:784: creating config.h
config.status:1006: config.h is unchanged
config.status:1058: executing depfiles commands

## ---------------- ##
## Cache variables. ##
## ---------------- ##

ac_cv_build=i686-pc-linux-gnu
ac_cv_c_compiler_gnu=yes
ac_cv_cxx_compiler_gnu=yes
ac_cv_env_CCC_set=
ac_cv_env_CCC_value=
ac_cv_env_CC_set=
ac_cv_env_CC_value=
ac_cv_env_CFLAGS_set=
ac_cv_env_CFLAGS_value=
ac_cv_env_CPPFLAGS_set=
ac_cv_env_CPPFLAGS_value=
ac_cv_env_CPP_set=
ac_cv_env_CPP_value=
ac_cv_env_CXXFLAGS_set=
ac_cv_env_CXXFLAGS_value=
ac_cv_env_CXX_set=
ac_cv_env_CXX_value=
ac_cv_env_LDFLAGS_set=
ac_cv_env_LDFLAGS_value=
ac_cv_env_LIBS_set=
ac_cv_env_LIBS_value=
ac_cv_env_build_alias_set=
ac_cv_env_build_alias_value=
ac_cv_env_host_alias_set=
ac_cv_env_host_alias_value=
ac_cv_env_target_alias_set=
ac_cv_env_target_alias_value=
ac_cv_host=i686-pc-linux-gnu
ac_cv_lib_SDL_image_main=yes
ac_cv_lib_SDL_mixer_main=yes
ac_cv_objext=o
ac_cv_path_SDL_CONFIG=/usr/bin/sdl-config
ac_cv_path_XML2_CONFIG=/usr/bin/xml2-config
ac_cv_path_install='/usr/bin/install -c'
ac_cv_path_mkdir=/bin/mkdir
ac_cv_prog_AWK=gawk
ac_cv_prog_CPP='gcc -E'
ac_cv_prog_ac_ct_CC=gcc
ac_cv_prog_ac_ct_CXX=g++
ac_cv_prog_ac_ct_RANLIB=ranlib
ac_cv_prog_cc_c89=
ac_cv_prog_cc_g=yes
ac_cv_prog_cxx_g=yes
ac_cv_prog_make_make_set=yes
ac_cv_target=i686-pc-linux-gnu
am_cv_CC_dependencies_compiler_type=gcc3
am_cv_CXX_dependencies_compiler_type=gcc3

## ----------------- ##
## Output variables. ##
## ----------------- ##

ACLOCAL='${SHELL} /home/chris/proj/epiar/src/epiar/missing --run aclocal-1.10'
AMDEPBACKSLASH='\'
AMDEP_FALSE='#'
AMDEP_TRUE=''
AMTAR='${SHELL} /home/chris/proj/epiar/src/epiar/missing --run tar'
AUTOCONF='${SHELL} /home/chris/proj/epiar/src/epiar/missing --run autoconf'
AUTOHEADER='${SHELL} /home/chris/proj/epiar/src/epiar/missing --run autoheader'
AUTOMAKE='${SHELL} /home/chris/proj/epiar/src/epiar/missing --run automake-1.10'
AWK='gawk'
CC='gcc'
CCDEPMODE='depmode=gcc3'
CFLAGS='-g -O2 -I/usr/include/libxml2 -I/usr/include/SDL -D_GNU_SOURCE=1 -D_REENTRANT -DCOMP_GCC -DUNIX -I/usr/include/GL -Wall -DDEBUG'
CPP='gcc -E'
CPPFLAGS=''
CXX='g++'
CXXDEPMODE='depmode=gcc3'
CXXFLAGS='-g -O2 -I/usr/include/libxml2 -I/usr/include/SDL -D_GNU_SOURCE=1 -D_REENTRANT -DCOMP_GCC -DUNIX -I/usr/include/GL -Wall -DDEBUG'
CYGPATH_W='echo'
DEFS='-DHAVE_CONFIG_H'
DEPDIR='.deps'
ECHO_C=''
ECHO_N='-n'
ECHO_T=''
EXEEXT=''
INSTALL_DATA='${INSTALL} -m 644'
INSTALL_PROGRAM='${INSTALL}'
INSTALL_SCRIPT='${INSTALL}'
INSTALL_STRIP_PROGRAM='$(install_sh) -c -s'
LDFLAGS=''
LIBOBJS=''
LIBS='-lSDL_mixer -lSDL_image  -lxml2 -lz -lm -lSDL -lpthread -lSDL_image -lSDL_mixer -lGL -lGLU -lz'
LTLIBOBJS=''
MAKEINFO='${SHELL} /home/chris/proj/epiar/src/epiar/missing --run makeinfo'
MKDIR_P='/bin/mkdir -p'
OBJEXT='o'
PACKAGE=''
PACKAGE_BUGREPORT=''
PACKAGE_NAME=''
PACKAGE_STRING=''
PACKAGE_TARNAME=''
PACKAGE_VERSION=''
PATH_SEPARATOR=':'
RANLIB='ranlib'
SDL_CFLAGS='-I/usr/include/SDL -D_GNU_SOURCE=1 -D_REENTRANT'
SDL_CONFIG='/usr/bin/sdl-config'
SDL_LIBS='-lSDL -lpthread'
SET_MAKE=''
SHELL='/bin/sh'
STRIP=''
VERSION=''
XML2_CONFIG='/usr/bin/xml2-config'
XML_CPPFLAGS='-I/usr/include/libxml2'
XML_LIBS='-lxml2 -lz -lm'
ac_ct_CC='gcc'
ac_ct_CXX='g++'
am__fastdepCC_FALSE='#'
am__fastdepCC_TRUE=''
am__fastdepCXX_FALSE='#'
am__fastdepCXX_TRUE=''
am__include='include'
am__isrc=''
am__leading_dot='.'
am__quote=''
am__tar='${AMTAR} chof - "$$tardir"'
am__untar='${AMTAR} xf -'
bindir='${exec_prefix}/bin'
build='i686-pc-linux-gnu'
build_alias=''
build_cpu='i686'
build_os='linux-gnu'
build_vendor='pc'
datadir='${datarootdir}'
datarootdir='${prefix}/share'
docdir='${datarootdir}/doc/${PACKAGE}'
dvidir='${docdir}'
exec_prefix='${prefix}'
host='i686-pc-linux-gnu'
host_alias=''
host_cpu='i686'
host_os='linux-gnu'
host_vendor='pc'
htmldir='${docdir}'
includedir='${prefix}/include'
infodir='${datarootdir}/info'
install_sh='$(SHELL) /home/chris/proj/epiar/src/epiar/install-sh'
libdir='${exec_prefix}/lib'
libexecdir='${exec_prefix}/libexec'
localedir='${datarootdir}/locale'
localstatedir='${prefix}/var'
mandir='${datarootdir}/man'
mkdir_p='/bin/mkdir -p'
oldincludedir='/usr/include'
pdfdir='${docdir}'
prefix='/usr/local'
program_transform_name='s,x,x,'
psdir='${docdir}'
sbindir='${exec_prefix}/sbin'
sharedstatedir='${prefix}/com'
sysconfdir='${prefix}/etc'
target='i686-pc-linux-gnu'
target_alias=''
target_cpu='i686'
target_os='linux-gnu'
target_vendor='pc'

## ----------- ##
## confdefs.h. ##
## ----------- ##

#define PACKAGE_NAME ""
#define PACKAGE_TARNAME ""
#define PACKAGE_VERSION ""
#define PACKAGE_STRING ""
#define PACKAGE_BUGREPORT ""
#define PACKAGE ""
#define VERSION ""
#define HAVE_LIBSDL_IMAGE 1
#define HAVE_LIBSDL_MIXER 1

configure: exit 0
